# JRE version: Java(TM) SE Runtime Environment (8.0_202-b08) (build 1.8.0_202-b08)
# Java VM: Java HotSpot(TM) 64-Bit Server VM (25.202-b08 mixed mode bsd-amd64 compressed oops)
Heap:
 PSYoungGen      total 132096K, used 15256K [0x000000076ab00000, 0x0000000780800000, 0x00000007c0000000)
  eden space 121344K, 3% used [0x000000076ab00000,0x000000076af660e0,0x0000000772180000)
  from space 10752K, 100% used [0x0000000772180000,0x0000000772c00000,0x0000000772c00000)
  to   space 80896K, 0% used [0x000000077b900000,0x000000077b900000,0x0000000780800000)
 ParOldGen       total 255488K, used 154156K [0x00000006c0000000, 0x00000006cf980000, 0x000000076ab00000)
  object space 255488K, 60% used [0x00000006c0000000,0x00000006c968b388,0x00000006cf980000)
 Metaspace       used 22205K, capacity 22942K, committed 23040K, reserved 1069056K
  class space    used 2799K, capacity 2998K, committed 3072K, reserved 1048576K
GC Heap History (10 events):
Event: 8.094 GC heap before
{Heap before GC invocations=3 (full 1):
 PSYoungGen      total 76288K, used 10742K [0x000000076ab00000, 0x0000000770000000, 0x00000007c0000000)
  eden space 65536K, 0% used [0x000000076ab00000,0x000000076ab00000,0x000000076eb00000)
  from space 10752K, 99% used [0x000000076f580000,0x000000076fffd968,0x0000000770000000)
  to   space 10752K, 0% used [0x000000076eb00000,0x000000076eb00000,0x000000076f580000)
 ParOldGen       total 175104K, used 19949K [0x00000006c0000000, 0x00000006cab00000, 0x000000076ab00000)
  object space 175104K, 11% used [0x00000006c0000000,0x00000006c137b4b8,0x00000006cab00000)
 Metaspace       used 20387K, capacity 21144K, committed 21296K, reserved 1067008K
  class space    used 2660K, capacity 2869K, committed 2944K, reserved 1048576K
Event: 8.115 GC heap after
Heap after GC invocations=3 (full 1):
 PSYoungGen      total 76288K, used 0K [0x000000076ab00000, 0x0000000770000000, 0x00000007c0000000)
  eden space 65536K, 0% used [0x000000076ab00000,0x000000076ab00000,0x000000076eb00000)
  from space 10752K, 0% used [0x000000076f580000,0x000000076f580000,0x0000000770000000)
  to   space 10752K, 0% used [0x000000076eb00000,0x000000076eb00000,0x000000076f580000)
 ParOldGen       total 128000K, used 26675K [0x00000006c0000000, 0x00000006c7d00000, 0x000000076ab00000)
  object space 128000K, 20% used [0x00000006c0000000,0x00000006c1a0cfc0,0x00000006c7d00000)
 Metaspace       used 20387K, capacity 21144K, committed 21296K, reserved 1067008K
  class space    used 2660K, capacity 2869K, committed 2944K, reserved 1048576K
}
Event: 9.155 GC heap before
{Heap before GC invocations=4 (full 1):
 PSYoungGen      total 76288K, used 65536K [0x000000076ab00000, 0x0000000770000000, 0x00000007c0000000)
  eden space 65536K, 100% used [0x000000076ab00000,0x000000076eb00000,0x000000076eb00000)
  from space 10752K, 0% used [0x000000076f580000,0x000000076f580000,0x0000000770000000)
  to   space 10752K, 0% used [0x000000076eb00000,0x000000076eb00000,0x000000076f580000)
 ParOldGen       total 128000K, used 26675K [0x00000006c0000000, 0x00000006c7d00000, 0x000000076ab00000)
  object space 128000K, 20% used [0x00000006c0000000,0x00000006c1a0cfc0,0x00000006c7d00000)
 Metaspace       used 22204K, capacity 22942K, committed 23040K, reserved 1069056K
  class space    used 2798K, capacity 2998K, committed 3072K, reserved 1048576K
Event: 9.186 GC heap after
Heap after GC invocations=4 (full 1):
 PSYoungGen      total 76288K, used 10752K [0x000000076ab00000, 0x0000000773680000, 0x00000007c0000000)
  eden space 65536K, 0% used [0x000000076ab00000,0x000000076ab00000,0x000000076eb00000)
  from space 10752K, 100% used [0x000000076eb00000,0x000000076f580000,0x000000076f580000)
  to   space 10752K, 0% used [0x0000000772c00000,0x0000000772c00000,0x0000000773680000)
 ParOldGen       total 128000K, used 51698K [0x00000006c0000000, 0x00000006c7d00000, 0x000000076ab00000)
  object space 128000K, 40% used [0x00000006c0000000,0x00000006c327ca28,0x00000006c7d00000)
 Metaspace       used 22204K, capacity 22942K, committed 23040K, reserved 1069056K
  class space    used 2798K, capacity 2998K, committed 3072K, reserved 1048576K
}
Event: 9.380 GC heap before
{Heap before GC invocations=5 (full 1):
 PSYoungGen      total 76288K, used 76288K [0x000000076ab00000, 0x0000000773680000, 0x00000007c0000000)
  eden space 65536K, 100% used [0x000000076ab00000,0x000000076eb00000,0x000000076eb00000)
  from space 10752K, 100% used [0x000000076eb00000,0x000000076f580000,0x000000076f580000)
  to   space 10752K, 0% used [0x0000000772c00000,0x0000000772c00000,0x0000000773680000)
 ParOldGen       total 128000K, used 51698K [0x00000006c0000000, 0x00000006c7d00000, 0x000000076ab00000)
  object space 128000K, 40% used [0x00000006c0000000,0x00000006c327ca28,0x00000006c7d00000)
 Metaspace       used 22205K, capacity 22942K, committed 23040K, reserved 1069056K
  class space    used 2799K, capacity 2998K, committed 3072K, reserved 1048576K
Event: 9.422 GC heap after
Heap after GC invocations=5 (full 1):
 PSYoungGen      total 132096K, used 10752K [0x000000076ab00000, 0x0000000773d80000, 0x00000007c0000000)
  eden space 121344K, 0% used [0x000000076ab00000,0x000000076ab00000,0x0000000772180000)
  from space 10752K, 100% used [0x0000000772c00000,0x0000000773680000,0x0000000773680000)
  to   space 10752K, 0% used [0x0000000772180000,0x0000000772180000,0x0000000772c00000)
 ParOldGen       total 128000K, used 90397K [0x00000006c0000000, 0x00000006c7d00000, 0x000000076ab00000)
  object space 128000K, 70% used [0x00000006c0000000,0x00000006c58474c8,0x00000006c7d00000)
 Metaspace       used 22205K, capacity 22942K, committed 23040K, reserved 1069056K
  class space    used 2799K, capacity 2998K, committed 3072K, reserved 1048576K
}
Event: 9.422 GC heap before
{Heap before GC invocations=6 (full 2):
 PSYoungGen      total 132096K, used 10752K [0x000000076ab00000, 0x0000000773d80000, 0x00000007c0000000)
  eden space 121344K, 0% used [0x000000076ab00000,0x000000076ab00000,0x0000000772180000)
  from space 10752K, 100% used [0x0000000772c00000,0x0000000773680000,0x0000000773680000)
  to   space 10752K, 0% used [0x0000000772180000,0x0000000772180000,0x0000000772c00000)
 ParOldGen       total 128000K, used 90397K [0x00000006c0000000, 0x00000006c7d00000, 0x000000076ab00000)
  object space 128000K, 70% used [0x00000006c0000000,0x00000006c58474c8,0x00000006c7d00000)
 Metaspace       used 22205K, capacity 22942K, committed 23040K, reserved 1069056K
  class space    used 2799K, capacity 2998K, committed 3072K, reserved 1048576K
Event: 9.536 GC heap after
Heap after GC invocations=6 (full 2):
 PSYoungGen      total 132096K, used 0K [0x000000076ab00000, 0x0000000773d80000, 0x00000007c0000000)
  eden space 121344K, 0% used [0x000000076ab00000,0x000000076ab00000,0x0000000772180000)
  from space 10752K, 0% used [0x0000000772c00000,0x0000000772c00000,0x0000000773680000)
  to   space 10752K, 0% used [0x0000000772180000,0x0000000772180000,0x0000000772c00000)
 ParOldGen       total 255488K, used 90723K [0x00000006c0000000, 0x00000006cf980000, 0x000000076ab00000)
  object space 255488K, 35% used [0x00000006c0000000,0x00000006c5898da8,0x00000006cf980000)
 Metaspace       used 22205K, capacity 22942K, committed 23040K, reserved 1069056K
  class space    used 2799K, capacity 2998K, committed 3072K, reserved 1048576K
}
Event: 9.927 GC heap before
{Heap before GC invocations=7 (full 2):
 PSYoungGen      total 132096K, used 121344K [0x000000076ab00000, 0x0000000773d80000, 0x00000007c0000000)
  eden space 121344K, 100% used [0x000000076ab00000,0x0000000772180000,0x0000000772180000)
  from space 10752K, 0% used [0x0000000772c00000,0x0000000772c00000,0x0000000773680000)
  to   space 10752K, 0% used [0x0000000772180000,0x0000000772180000,0x0000000772c00000)
 ParOldGen       total 255488K, used 90723K [0x00000006c0000000, 0x00000006cf980000, 0x000000076ab00000)
  object space 255488K, 35% used [0x00000006c0000000,0x00000006c5898da8,0x00000006cf980000)
 Metaspace       used 22205K, capacity 22942K, committed 23040K, reserved 1069056K
  class space    used 2799K, capacity 2998K, committed 3072K, reserved 1048576K
Event: 9.979 GC heap after
Heap after GC invocations=7 (full 2):
 PSYoungGen      total 132096K, used 10752K [0x000000076ab00000, 0x0000000780800000, 0x00000007c0000000)
  eden space 121344K, 0% used [0x000000076ab00000,0x000000076ab00000,0x0000000772180000)
  from space 10752K, 100% used [0x0000000772180000,0x0000000772c00000,0x0000000772c00000)
  to   space 80896K, 0% used [0x000000077b900000,0x000000077b900000,0x0000000780800000)
 ParOldGen       total 255488K, used 154156K [0x00000006c0000000, 0x00000006cf980000, 0x000000076ab00000)
  object space 255488K, 60% used [0x00000006c0000000,0x00000006c968b388,0x00000006cf980000)
 Metaspace       used 22205K, capacity 22942K, committed 23040K, reserved 1069056K
  class space    used 2799K, capacity 2998K, committed 3072K, reserved 1048576K
}

